2022-09-14 20:42:45,527 [Worker-3: Loading available Gradle versions] INFO  o.e.b.c.i.u.g.PublishedGradleVersions - Gradle version information cache is up-to-date. Trying to read.
2022-09-14 20:50:37,706 [Worker-1: Loading available Gradle versions] INFO  o.e.b.c.i.u.g.PublishedGradleVersions - Gradle version information cache is up-to-date. Trying to read.
2022-09-15 13:53:27,572 [Worker-4: Loading available Gradle versions] INFO  o.e.b.c.i.u.g.PublishedGradleVersions - Gradle version information cache is up-to-date. Trying to read.
2022-09-16 15:01:26,940 [Worker-0: Loading available Gradle versions] INFO  o.e.b.c.i.u.g.PublishedGradleVersions - Gradle version information cache is out-of-date. Trying to update.
2022-09-19 10:58:39,377 [Worker-4: Loading available Gradle versions] INFO  o.e.b.c.i.u.g.PublishedGradleVersions - Gradle version information cache is out-of-date. Trying to update.
2022-09-20 10:42:18,669 [Worker-0: Loading available Gradle versions] INFO  o.e.b.c.i.u.g.PublishedGradleVersions - Gradle version information cache is up-to-date. Trying to read.
2022-09-21 10:49:15,073 [Worker-1: Loading available Gradle versions] INFO  o.e.b.c.i.u.g.PublishedGradleVersions - Gradle version information cache is out-of-date. Trying to update.
2022-09-22 12:46:32,747 [Worker-1: Loading available Gradle versions] INFO  o.e.b.c.i.u.g.PublishedGradleVersions - Gradle version information cache is out-of-date. Trying to update.
2022-09-28 07:45:25,019 [Worker-2: Loading available Gradle versions] INFO  o.e.b.c.i.u.g.PublishedGradleVersions - Gradle version information cache is up-to-date. Trying to read.
2022-09-28 08:59:34,948 [ModalContext] INFO  o.e.m.c.i.e.AbstractTransferListenerAdapter - Downloading https://repo1.maven.org/maven2/org/apache/maven/archetypes/maven-archetype-quickstart/1.4/maven-archetype-quickstart-1.4.jar
2022-09-28 08:59:35,385 [ModalContext] INFO  o.e.m.c.i.e.AbstractTransferListenerAdapter - Downloaded https://repo1.maven.org/maven2/org/apache/maven/archetypes/maven-archetype-quickstart/1.4/maven-archetype-quickstart-1.4.jar
2022-09-28 08:59:35,607 [ModalContext] INFO  o.e.m.c.i.e.AbstractTransferListenerAdapter - Downloading https://repo1.maven.org/maven2/org/apache/maven/archetypes/maven-archetype-quickstart/1.4/maven-archetype-quickstart-1.4.pom
2022-09-28 08:59:35,862 [ModalContext] INFO  o.e.m.c.i.e.AbstractTransferListenerAdapter - Downloaded https://repo1.maven.org/maven2/org/apache/maven/archetypes/maven-archetype-quickstart/1.4/maven-archetype-quickstart-1.4.pom
2022-09-28 09:00:34,131 [Worker-39: Creating maven-archetype-quickstart] INFO  o.e.m.c.i.p.ProjectConfigurationManager - Collecting project info '/pom.xml' C:\Users\ruthvik.kottala\Desktop\Projectpractise\PJ_LYF\Practise\CompletableFutureDemo\pom.xml
2022-09-28 09:00:36,236 [Worker-39: Creating maven-archetype-quickstart] INFO  o.e.m.c.i.e.AbstractTransferListenerAdapter - Downloading https://repo1.maven.org/maven2/org/apache/maven/plugins/maven-compiler-plugin/3.8.0/maven-compiler-plugin-3.8.0.jar
2022-09-28 09:00:36,704 [Worker-39: Creating maven-archetype-quickstart] INFO  o.e.m.c.i.e.AbstractTransferListenerAdapter - Downloaded https://repo1.maven.org/maven2/org/apache/maven/plugins/maven-compiler-plugin/3.8.0/maven-compiler-plugin-3.8.0.jar
2022-09-28 09:00:37,638 [Worker-39: Creating maven-archetype-quickstart] INFO  o.e.m.c.i.e.AbstractTransferListenerAdapter - Downloading https://repo1.maven.org/maven2/org/apache/maven/plugins/maven-compiler-plugin/3.8.0/maven-compiler-plugin-3.8.0.pom
2022-09-28 09:00:37,894 [Worker-39: Creating maven-archetype-quickstart] INFO  o.e.m.c.i.e.AbstractTransferListenerAdapter - Downloaded https://repo1.maven.org/maven2/org/apache/maven/plugins/maven-compiler-plugin/3.8.0/maven-compiler-plugin-3.8.0.pom
2022-09-28 09:00:40,320 [Worker-55: reload maven project] INFO  o.e.m.c.i.e.AbstractTransferListenerAdapter - Downloading https://repo1.maven.org/maven2/junit/junit/4.11/junit-4.11.jar
2022-09-28 09:00:41,072 [Worker-55: reload maven project] INFO  o.e.m.c.i.e.AbstractTransferListenerAdapter - Downloaded https://repo1.maven.org/maven2/junit/junit/4.11/junit-4.11.jar
2022-09-28 09:00:43,492 [Worker-39: Creating maven-archetype-quickstart] INFO  o.e.m.c.i.l.LifecycleMappingFactory - Using org.eclipse.m2e.jdt.JarLifecycleMapping lifecycle mapping for MavenProject: com.practise:CompletableFutureDemo:0.0.1-SNAPSHOT @ C:\Users\ruthvik.kottala\Desktop\Projectpractise\PJ_LYF\Practise\CompletableFutureDemo\pom.xml.
2022-09-28 09:00:44,870 [Worker-39: Creating maven-archetype-quickstart] INFO  o.e.m.j.i.AbstractJavaProjectConfigurator - Adding source folder /CompletableFutureDemo/src/main/java
2022-09-28 09:00:44,895 [Worker-39: Creating maven-archetype-quickstart] INFO  o.e.m.j.i.AbstractJavaProjectConfigurator - Adding source folder /CompletableFutureDemo/src/test/java
2022-09-28 09:00:45,307 [Worker-39: Creating maven-archetype-quickstart] INFO  o.e.m.c.i.p.ProjectConfigurationManager - Imported and configured 1 project(s) in 11 sec
2022-09-28 09:00:45,596 [Worker-58: Download sources and javadoc] INFO  o.e.m.c.i.e.AbstractTransferListenerAdapter - Downloading https://repo1.maven.org/maven2/junit/junit/4.11/junit-4.11-sources.jar
2022-09-28 09:00:46,265 [Worker-58: Download sources and javadoc] INFO  o.e.m.c.i.e.AbstractTransferListenerAdapter - Downloaded https://repo1.maven.org/maven2/junit/junit/4.11/junit-4.11-sources.jar
2022-09-28 09:00:46,279 [Worker-58: Download sources and javadoc] INFO  o.e.m.j.internal.DownloadSourcesJob - Downloaded sources for junit:junit:4.11
2022-09-28 09:00:46,321 [Worker-58: Download sources and javadoc] INFO  o.e.m.j.internal.DownloadSourcesJob - Downloaded sources for junit:junit:4.11
2022-09-28 09:00:48,661 [Worker-58: Building] INFO  o.e.m.c.i.embedder.EclipseLogger - Using 'UTF-8' encoding to copy filtered resources.
2022-09-28 09:00:48,662 [Worker-58: Building] INFO  o.e.m.c.i.embedder.EclipseLogger - skip non existing resourceDirectory C:\Users\ruthvik.kottala\Desktop\Projectpractise\PJ_LYF\Practise\CompletableFutureDemo\src\main\resources
2022-09-28 09:00:48,671 [Worker-58: Building] INFO  o.e.m.c.i.embedder.EclipseLogger - Using 'UTF-8' encoding to copy filtered resources.
2022-09-28 09:00:48,671 [Worker-58: Building] INFO  o.e.m.c.i.embedder.EclipseLogger - skip non existing resourceDirectory C:\Users\ruthvik.kottala\Desktop\Projectpractise\PJ_LYF\Practise\CompletableFutureDemo\src\test\resources
2022-09-28 09:01:16,665 [Worker-55: Building] INFO  o.e.m.c.i.l.LifecycleMappingFactory - Using org.eclipse.m2e.jdt.JarLifecycleMapping lifecycle mapping for MavenProject: com.practise:CompletableFutureDemo:0.0.1-SNAPSHOT @ C:\Users\ruthvik.kottala\Desktop\Projectpractise\PJ_LYF\Practise\CompletableFutureDemo\pom.xml.
2022-09-28 09:01:17,555 [Worker-55: Building] INFO  o.e.m.c.i.e.AbstractTransferListenerAdapter - Downloading https://repo1.maven.org/maven2/com/fasterxml/jackson/core/jackson-databind/2.0.6/jackson-databind-2.0.6.pom
2022-09-28 09:01:17,963 [Worker-55: Building] INFO  o.e.m.c.i.e.AbstractTransferListenerAdapter - Downloaded https://repo1.maven.org/maven2/com/fasterxml/jackson/core/jackson-databind/2.0.6/jackson-databind-2.0.6.pom
2022-09-28 09:01:18,253 [Worker-55: Building] INFO  o.e.m.c.i.e.AbstractTransferListenerAdapter - Downloading https://repo1.maven.org/maven2/com/fasterxml/oss-parent/2/oss-parent-2.pom
2022-09-28 09:01:18,528 [Worker-55: Building] INFO  o.e.m.c.i.e.AbstractTransferListenerAdapter - Downloaded https://repo1.maven.org/maven2/com/fasterxml/oss-parent/2/oss-parent-2.pom
2022-09-28 09:01:18,779 [Worker-55: Building] INFO  o.e.m.c.i.e.AbstractTransferListenerAdapter - Downloading https://repo1.maven.org/maven2/com/fasterxml/jackson/core/jackson-core/2.0.6/jackson-core-2.0.6.pom
2022-09-28 09:01:19,058 [Worker-55: Building] INFO  o.e.m.c.i.e.AbstractTransferListenerAdapter - Downloaded https://repo1.maven.org/maven2/com/fasterxml/jackson/core/jackson-core/2.0.6/jackson-core-2.0.6.pom
2022-09-28 09:01:19,361 [AetherRepositoryConnector-repo1.maven.org-0-0] INFO  o.e.m.c.i.e.AbstractTransferListenerAdapter - Downloading https://repo1.maven.org/maven2/com/fasterxml/jackson/core/jackson-annotations/2.9.7/jackson-annotations-2.9.7.jar
2022-09-28 09:01:19,556 [AetherRepositoryConnector-repo1.maven.org-0-2] INFO  o.e.m.c.i.e.AbstractTransferListenerAdapter - Downloading https://repo1.maven.org/maven2/com/fasterxml/jackson/core/jackson-core/2.0.6/jackson-core-2.0.6.jar
2022-09-28 09:01:19,556 [AetherRepositoryConnector-repo1.maven.org-0-1] INFO  o.e.m.c.i.e.AbstractTransferListenerAdapter - Downloading https://repo1.maven.org/maven2/com/fasterxml/jackson/core/jackson-databind/2.0.6/jackson-databind-2.0.6.jar
2022-09-28 09:01:20,212 [AetherRepositoryConnector-repo1.maven.org-0-0] INFO  o.e.m.c.i.e.AbstractTransferListenerAdapter - Downloaded https://repo1.maven.org/maven2/com/fasterxml/jackson/core/jackson-annotations/2.9.7/jackson-annotations-2.9.7.jar
2022-09-28 09:01:20,410 [AetherRepositoryConnector-repo1.maven.org-0-2] INFO  o.e.m.c.i.e.AbstractTransferListenerAdapter - Downloaded https://repo1.maven.org/maven2/com/fasterxml/jackson/core/jackson-core/2.0.6/jackson-core-2.0.6.jar
2022-09-28 09:01:20,686 [AetherRepositoryConnector-repo1.maven.org-0-1] INFO  o.e.m.c.i.e.AbstractTransferListenerAdapter - Downloaded https://repo1.maven.org/maven2/com/fasterxml/jackson/core/jackson-databind/2.0.6/jackson-databind-2.0.6.jar
2022-09-28 09:01:21,472 [Worker-55: Building] INFO  o.e.m.c.i.embedder.EclipseLogger - Using 'UTF-8' encoding to copy filtered resources.
2022-09-28 09:01:21,472 [Worker-55: Building] INFO  o.e.m.c.i.embedder.EclipseLogger - skip non existing resourceDirectory C:\Users\ruthvik.kottala\Desktop\Projectpractise\PJ_LYF\Practise\CompletableFutureDemo\src\main\resources
2022-09-28 09:01:21,476 [Worker-55: Building] INFO  o.e.m.c.i.embedder.EclipseLogger - Using 'UTF-8' encoding to copy filtered resources.
2022-09-28 09:01:21,476 [Worker-55: Building] INFO  o.e.m.c.i.embedder.EclipseLogger - skip non existing resourceDirectory C:\Users\ruthvik.kottala\Desktop\Projectpractise\PJ_LYF\Practise\CompletableFutureDemo\src\test\resources
2022-09-28 09:01:21,923 [Worker-60: Building] INFO  o.e.m.c.i.embedder.EclipseLogger - Using 'UTF-8' encoding to copy filtered resources.
2022-09-28 09:01:21,923 [Worker-60: Building] INFO  o.e.m.c.i.embedder.EclipseLogger - skip non existing resourceDirectory C:\Users\ruthvik.kottala\Desktop\Projectpractise\PJ_LYF\Practise\CompletableFutureDemo\src\main\resources
2022-09-28 09:01:21,925 [Worker-60: Building] INFO  o.e.m.c.i.embedder.EclipseLogger - Using 'UTF-8' encoding to copy filtered resources.
2022-09-28 09:01:21,925 [Worker-60: Building] INFO  o.e.m.c.i.embedder.EclipseLogger - skip non existing resourceDirectory C:\Users\ruthvik.kottala\Desktop\Projectpractise\PJ_LYF\Practise\CompletableFutureDemo\src\test\resources
2022-09-28 09:01:22,728 [Worker-55: Download sources and javadoc] INFO  o.e.m.c.i.e.AbstractTransferListenerAdapter - Downloading https://repo1.maven.org/maven2/com/fasterxml/jackson/core/jackson-annotations/2.9.7/jackson-annotations-2.9.7-sources.jar
2022-09-28 09:01:23,282 [Worker-55: Download sources and javadoc] INFO  o.e.m.c.i.e.AbstractTransferListenerAdapter - Downloaded https://repo1.maven.org/maven2/com/fasterxml/jackson/core/jackson-annotations/2.9.7/jackson-annotations-2.9.7-sources.jar
2022-09-28 09:01:23,298 [Worker-55: Download sources and javadoc] INFO  o.e.m.j.internal.DownloadSourcesJob - Downloaded sources for com.fasterxml.jackson.core:jackson-annotations:2.9.7
2022-09-28 09:01:24,160 [Worker-55: Download sources and javadoc] INFO  o.e.m.c.i.e.AbstractTransferListenerAdapter - Downloading https://repo1.maven.org/maven2/org/projectlombok/lombok/1.18.8/lombok-1.18.8-sources.jar
2022-09-28 09:01:26,210 [Worker-55: Download sources and javadoc] INFO  o.e.m.c.i.e.AbstractTransferListenerAdapter - Downloaded https://repo1.maven.org/maven2/org/projectlombok/lombok/1.18.8/lombok-1.18.8-sources.jar
2022-09-28 09:01:26,238 [Worker-55: Download sources and javadoc] INFO  o.e.m.j.internal.DownloadSourcesJob - Downloaded sources for org.projectlombok:lombok:1.18.8
2022-09-28 09:01:27,124 [Worker-55: Download sources and javadoc] INFO  o.e.m.c.i.e.AbstractTransferListenerAdapter - Downloading https://repo1.maven.org/maven2/com/fasterxml/jackson/core/jackson-databind/2.0.6/jackson-databind-2.0.6-sources.jar
2022-09-28 09:01:28,300 [Worker-55: Download sources and javadoc] INFO  o.e.m.c.i.e.AbstractTransferListenerAdapter - Downloaded https://repo1.maven.org/maven2/com/fasterxml/jackson/core/jackson-databind/2.0.6/jackson-databind-2.0.6-sources.jar
2022-09-28 09:01:28,314 [Worker-55: Download sources and javadoc] INFO  o.e.m.j.internal.DownloadSourcesJob - Downloaded sources for com.fasterxml.jackson.core:jackson-databind:2.0.6
2022-09-28 09:01:29,143 [Worker-55: Download sources and javadoc] INFO  o.e.m.c.i.e.AbstractTransferListenerAdapter - Downloading https://repo1.maven.org/maven2/com/fasterxml/jackson/core/jackson-core/2.0.6/jackson-core-2.0.6-sources.jar
2022-09-28 09:01:29,879 [Worker-55: Download sources and javadoc] INFO  o.e.m.c.i.e.AbstractTransferListenerAdapter - Downloaded https://repo1.maven.org/maven2/com/fasterxml/jackson/core/jackson-core/2.0.6/jackson-core-2.0.6-sources.jar
2022-09-28 09:01:29,895 [Worker-55: Download sources and javadoc] INFO  o.e.m.j.internal.DownloadSourcesJob - Downloaded sources for com.fasterxml.jackson.core:jackson-core:2.0.6
2022-09-28 09:01:30,118 [Worker-60: Building] INFO  o.e.m.c.i.embedder.EclipseLogger - Using 'UTF-8' encoding to copy filtered resources.
2022-09-28 09:01:30,118 [Worker-60: Building] INFO  o.e.m.c.i.embedder.EclipseLogger - skip non existing resourceDirectory C:\Users\ruthvik.kottala\Desktop\Projectpractise\PJ_LYF\Practise\CompletableFutureDemo\src\main\resources
2022-09-28 09:01:30,121 [Worker-60: Building] INFO  o.e.m.c.i.embedder.EclipseLogger - Using 'UTF-8' encoding to copy filtered resources.
2022-09-28 09:01:30,122 [Worker-60: Building] INFO  o.e.m.c.i.embedder.EclipseLogger - skip non existing resourceDirectory C:\Users\ruthvik.kottala\Desktop\Projectpractise\PJ_LYF\Practise\CompletableFutureDemo\src\test\resources
2022-09-28 09:02:25,857 [Worker-56: Building] INFO  o.e.m.c.i.embedder.EclipseLogger - Using 'UTF-8' encoding to copy filtered resources.
2022-09-28 09:02:25,858 [Worker-56: Building] INFO  o.e.m.c.i.embedder.EclipseLogger - skip non existing resourceDirectory C:\Users\ruthvik.kottala\Desktop\Projectpractise\PJ_LYF\Practise\CompletableFutureDemo\src\main\resources
2022-09-28 09:02:25,860 [Worker-56: Building] INFO  o.e.m.c.i.embedder.EclipseLogger - Using 'UTF-8' encoding to copy filtered resources.
2022-09-28 09:02:25,861 [Worker-56: Building] INFO  o.e.m.c.i.embedder.EclipseLogger - skip non existing resourceDirectory C:\Users\ruthvik.kottala\Desktop\Projectpractise\PJ_LYF\Practise\CompletableFutureDemo\src\test\resources
2022-09-28 09:02:30,002 [Worker-57: Building] INFO  o.e.m.c.i.embedder.EclipseLogger - Using 'UTF-8' encoding to copy filtered resources.
2022-09-28 09:02:30,003 [Worker-57: Building] INFO  o.e.m.c.i.embedder.EclipseLogger - skip non existing resourceDirectory C:\Users\ruthvik.kottala\Desktop\Projectpractise\PJ_LYF\Practise\CompletableFutureDemo\src\main\resources
2022-09-28 09:02:30,008 [Worker-57: Building] INFO  o.e.m.c.i.embedder.EclipseLogger - Using 'UTF-8' encoding to copy filtered resources.
2022-09-28 09:02:30,008 [Worker-57: Building] INFO  o.e.m.c.i.embedder.EclipseLogger - skip non existing resourceDirectory C:\Users\ruthvik.kottala\Desktop\Projectpractise\PJ_LYF\Practise\CompletableFutureDemo\src\test\resources
2022-09-28 09:02:54,899 [Worker-55: Building] INFO  o.e.m.c.i.embedder.EclipseLogger - Using 'UTF-8' encoding to copy filtered resources.
2022-09-28 09:02:54,900 [Worker-55: Building] INFO  o.e.m.c.i.embedder.EclipseLogger - skip non existing resourceDirectory C:\Users\ruthvik.kottala\Desktop\Projectpractise\PJ_LYF\Practise\CompletableFutureDemo\src\main\resources
2022-09-28 09:02:54,903 [Worker-55: Building] INFO  o.e.m.c.i.embedder.EclipseLogger - Using 'UTF-8' encoding to copy filtered resources.
2022-09-28 09:02:54,903 [Worker-55: Building] INFO  o.e.m.c.i.embedder.EclipseLogger - skip non existing resourceDirectory C:\Users\ruthvik.kottala\Desktop\Projectpractise\PJ_LYF\Practise\CompletableFutureDemo\src\test\resources
2022-09-28 09:03:13,373 [Worker-39: Building] INFO  o.e.m.c.i.embedder.EclipseLogger - Using 'UTF-8' encoding to copy filtered resources.
2022-09-28 09:03:13,374 [Worker-39: Building] INFO  o.e.m.c.i.embedder.EclipseLogger - skip non existing resourceDirectory C:\Users\ruthvik.kottala\Desktop\Projectpractise\PJ_LYF\Practise\CompletableFutureDemo\src\main\resources
2022-09-28 09:03:13,377 [Worker-39: Building] INFO  o.e.m.c.i.embedder.EclipseLogger - Using 'UTF-8' encoding to copy filtered resources.
2022-09-28 09:03:13,377 [Worker-39: Building] INFO  o.e.m.c.i.embedder.EclipseLogger - skip non existing resourceDirectory C:\Users\ruthvik.kottala\Desktop\Projectpractise\PJ_LYF\Practise\CompletableFutureDemo\src\test\resources
2022-09-28 09:03:40,762 [Worker-62: Building] INFO  o.e.m.c.i.embedder.EclipseLogger - Using 'UTF-8' encoding to copy filtered resources.
2022-09-28 09:03:40,764 [Worker-62: Building] INFO  o.e.m.c.i.embedder.EclipseLogger - skip non existing resourceDirectory C:\Users\ruthvik.kottala\Desktop\Projectpractise\PJ_LYF\Practise\CompletableFutureDemo\src\main\resources
2022-09-28 09:03:40,768 [Worker-62: Building] INFO  o.e.m.c.i.embedder.EclipseLogger - Using 'UTF-8' encoding to copy filtered resources.
2022-09-28 09:03:40,769 [Worker-62: Building] INFO  o.e.m.c.i.embedder.EclipseLogger - skip non existing resourceDirectory C:\Users\ruthvik.kottala\Desktop\Projectpractise\PJ_LYF\Practise\CompletableFutureDemo\src\test\resources
2022-09-28 09:03:58,200 [Worker-61: Building] INFO  o.e.m.c.i.embedder.EclipseLogger - Using 'UTF-8' encoding to copy filtered resources.
2022-09-28 09:03:58,201 [Worker-61: Building] INFO  o.e.m.c.i.embedder.EclipseLogger - skip non existing resourceDirectory C:\Users\ruthvik.kottala\Desktop\Projectpractise\PJ_LYF\Practise\CompletableFutureDemo\src\main\resources
2022-09-28 09:03:58,204 [Worker-61: Building] INFO  o.e.m.c.i.embedder.EclipseLogger - Using 'UTF-8' encoding to copy filtered resources.
2022-09-28 09:03:58,204 [Worker-61: Building] INFO  o.e.m.c.i.embedder.EclipseLogger - skip non existing resourceDirectory C:\Users\ruthvik.kottala\Desktop\Projectpractise\PJ_LYF\Practise\CompletableFutureDemo\src\test\resources
2022-09-28 09:05:22,965 [Worker-63: Building] INFO  o.e.m.c.i.embedder.EclipseLogger - Using 'UTF-8' encoding to copy filtered resources.
2022-09-28 09:05:22,966 [Worker-63: Building] INFO  o.e.m.c.i.embedder.EclipseLogger - skip non existing resourceDirectory C:\Users\ruthvik.kottala\Desktop\Projectpractise\PJ_LYF\Practise\CompletableFutureDemo\src\main\resources
2022-09-28 09:05:22,968 [Worker-63: Building] INFO  o.e.m.c.i.embedder.EclipseLogger - Using 'UTF-8' encoding to copy filtered resources.
2022-09-28 09:05:22,969 [Worker-63: Building] INFO  o.e.m.c.i.embedder.EclipseLogger - skip non existing resourceDirectory C:\Users\ruthvik.kottala\Desktop\Projectpractise\PJ_LYF\Practise\CompletableFutureDemo\src\test\resources
2022-09-28 09:05:53,132 [Worker-63: Building] INFO  o.e.m.c.i.embedder.EclipseLogger - Using 'UTF-8' encoding to copy filtered resources.
2022-09-28 09:05:53,133 [Worker-63: Building] INFO  o.e.m.c.i.embedder.EclipseLogger - skip non existing resourceDirectory C:\Users\ruthvik.kottala\Desktop\Projectpractise\PJ_LYF\Practise\CompletableFutureDemo\src\main\resources
2022-09-28 09:05:53,135 [Worker-63: Building] INFO  o.e.m.c.i.embedder.EclipseLogger - Using 'UTF-8' encoding to copy filtered resources.
2022-09-28 09:05:53,136 [Worker-63: Building] INFO  o.e.m.c.i.embedder.EclipseLogger - skip non existing resourceDirectory C:\Users\ruthvik.kottala\Desktop\Projectpractise\PJ_LYF\Practise\CompletableFutureDemo\src\test\resources
2022-09-28 09:05:56,055 [Worker-60: Building] INFO  o.e.m.c.i.embedder.EclipseLogger - Using 'UTF-8' encoding to copy filtered resources.
2022-09-28 09:05:56,056 [Worker-60: Building] INFO  o.e.m.c.i.embedder.EclipseLogger - skip non existing resourceDirectory C:\Users\ruthvik.kottala\Desktop\Projectpractise\PJ_LYF\Practise\CompletableFutureDemo\src\main\resources
2022-09-28 09:05:56,059 [Worker-60: Building] INFO  o.e.m.c.i.embedder.EclipseLogger - Using 'UTF-8' encoding to copy filtered resources.
2022-09-28 09:05:56,059 [Worker-60: Building] INFO  o.e.m.c.i.embedder.EclipseLogger - skip non existing resourceDirectory C:\Users\ruthvik.kottala\Desktop\Projectpractise\PJ_LYF\Practise\CompletableFutureDemo\src\test\resources
2022-09-28 09:06:12,004 [Worker-65: Building] INFO  o.e.m.c.i.embedder.EclipseLogger - Using 'UTF-8' encoding to copy filtered resources.
2022-09-28 09:06:12,005 [Worker-65: Building] INFO  o.e.m.c.i.embedder.EclipseLogger - skip non existing resourceDirectory C:\Users\ruthvik.kottala\Desktop\Projectpractise\PJ_LYF\Practise\CompletableFutureDemo\src\main\resources
2022-09-28 09:06:12,007 [Worker-65: Building] INFO  o.e.m.c.i.embedder.EclipseLogger - Using 'UTF-8' encoding to copy filtered resources.
2022-09-28 09:06:12,007 [Worker-65: Building] INFO  o.e.m.c.i.embedder.EclipseLogger - skip non existing resourceDirectory C:\Users\ruthvik.kottala\Desktop\Projectpractise\PJ_LYF\Practise\CompletableFutureDemo\src\test\resources
2022-09-28 09:06:29,584 [Worker-64: Building] INFO  o.e.m.c.i.embedder.EclipseLogger - Using 'UTF-8' encoding to copy filtered resources.
2022-09-28 09:06:29,585 [Worker-64: Building] INFO  o.e.m.c.i.embedder.EclipseLogger - skip non existing resourceDirectory C:\Users\ruthvik.kottala\Desktop\Projectpractise\PJ_LYF\Practise\CompletableFutureDemo\src\main\resources
2022-09-28 09:06:29,587 [Worker-64: Building] INFO  o.e.m.c.i.embedder.EclipseLogger - Using 'UTF-8' encoding to copy filtered resources.
2022-09-28 09:06:29,588 [Worker-64: Building] INFO  o.e.m.c.i.embedder.EclipseLogger - skip non existing resourceDirectory C:\Users\ruthvik.kottala\Desktop\Projectpractise\PJ_LYF\Practise\CompletableFutureDemo\src\test\resources
2022-09-28 09:06:54,169 [Worker-60: Building] INFO  o.e.m.c.i.embedder.EclipseLogger - Using 'UTF-8' encoding to copy filtered resources.
2022-09-28 09:06:54,169 [Worker-60: Building] INFO  o.e.m.c.i.embedder.EclipseLogger - skip non existing resourceDirectory C:\Users\ruthvik.kottala\Desktop\Projectpractise\PJ_LYF\Practise\CompletableFutureDemo\src\main\resources
2022-09-28 09:06:54,172 [Worker-60: Building] INFO  o.e.m.c.i.embedder.EclipseLogger - Using 'UTF-8' encoding to copy filtered resources.
2022-09-28 09:06:54,172 [Worker-60: Building] INFO  o.e.m.c.i.embedder.EclipseLogger - skip non existing resourceDirectory C:\Users\ruthvik.kottala\Desktop\Projectpractise\PJ_LYF\Practise\CompletableFutureDemo\src\test\resources
2022-09-28 09:07:09,905 [Worker-64: Building] INFO  o.e.m.c.i.embedder.EclipseLogger - Using 'UTF-8' encoding to copy filtered resources.
2022-09-28 09:07:09,905 [Worker-64: Building] INFO  o.e.m.c.i.embedder.EclipseLogger - skip non existing resourceDirectory C:\Users\ruthvik.kottala\Desktop\Projectpractise\PJ_LYF\Practise\CompletableFutureDemo\src\main\resources
